This file contains any messages produced by compilers while
running configure, to aid debugging if configure makes a mistake.

It was created by backend configure 0.2-139-g582a493, which was
generated by GNU Autoconf 2.68.  Invocation command line was

  $ ../configure 

## --------- ##
## Platform. ##
## --------- ##

hostname = mbp.lan
uname -m = i386
uname -r = 11.4.2
uname -s = Darwin
uname -v = Darwin Kernel Version 11.4.2: Thu Aug 23 16:26:45 PDT 2012; root:xnu-1699.32.7~1/RELEASE_I386

/usr/bin/uname -p = i386
/bin/uname -X     = unknown

/bin/arch              = unknown
/usr/bin/arch -k       = unknown
/usr/convex/getsysinfo = unknown
/usr/bin/hostinfo      = Mach kernel version:
	 Darwin Kernel Version 11.4.2: Thu Aug 23 16:26:45 PDT 2012; root:xnu-1699.32.7~1/RELEASE_I386
Kernel configured for up to 2 processors.
2 processors are physically available.
2 processors are logically available.
Processor type: i486 (Intel 80486)
Processors active: 0 1
Primary memory available: 3.00 gigabytes
Default processor set: 123 tasks, 621 threads, 2 processors
Load average: 3.20, Mach factor: 0.21
/bin/machine           = unknown
/usr/bin/oslevel       = unknown
/bin/universe          = unknown

PATH: /sw/bin
PATH: /sw/sbin
PATH: /Users/luis/.rvm/gems/ruby-1.9.3-p286/bin
PATH: /Users/luis/.rvm/gems/ruby-1.9.3-p286@global/bin
PATH: /Users/luis/.rvm/rubies/ruby-1.9.3-p286/bin
PATH: /Users/luis/.rvm/bin
PATH: /usr/local/bin
PATH: /usr/bin
PATH: /bin
PATH: /usr/sbin
PATH: /sbin
PATH: /usr/X11/bin
PATH: /usr/local/sbin
PATH: /usr/local/share/npm/bin/
PATH: .
PATH: /usr/X11R6/bin
PATH: /usr/local/yagarto/yagarto-4.6.2/bin
PATH: /usr/local/yagarto/yagarto-4.6.2/tools


## ----------- ##
## Core tests. ##
## ----------- ##

configure:2219: checking build system type
configure:2233: result: x86_64-apple-darwin11.4.2
configure:2253: checking host system type
configure:2266: result: x86_64-apple-darwin11.4.2
configure:2286: checking target system type
configure:2299: result: x86_64-apple-darwin11.4.2
configure:2381: checking for clang
configure:2397: found /usr/bin/clang
configure:2408: result: clang
configure:2439: checking for C compiler version
configure:2448: clang --version >&5
Apple clang version 3.0 (tags/Apple/clang-211.10.1) (based on LLVM 3.0svn)
Target: x86_64-apple-darwin11.4.2
Thread model: posix
configure:2459: $? = 0
configure:2448: clang -v >&5
Apple clang version 3.0 (tags/Apple/clang-211.10.1) (based on LLVM 3.0svn)
Target: x86_64-apple-darwin11.4.2
Thread model: posix
configure:2459: $? = 0
configure:2448: clang -V >&5
clang: error: argument to '-V' is missing (expected 1 value)
clang: error: no input files
configure:2459: $? = 1
configure:2448: clang -qversion >&5
clang: error: no input files
configure:2459: $? = 1
configure:2479: checking whether the C compiler works
configure:2501: clang    conftest.c  >&5
configure:2505: $? = 0
configure:2553: result: yes
configure:2556: checking for C compiler default output file name
configure:2558: result: a.out
configure:2564: checking for suffix of executables
configure:2571: clang -o conftest    conftest.c  >&5
configure:2575: $? = 0
configure:2597: result: 
configure:2619: checking whether we are cross compiling
configure:2627: clang -o conftest    conftest.c  >&5
configure:2631: $? = 0
configure:2638: ./conftest
configure:2642: $? = 0
configure:2657: result: no
configure:2662: checking for suffix of object files
configure:2684: clang -c   conftest.c >&5
configure:2688: $? = 0
configure:2709: result: o
configure:2713: checking whether we are using the GNU C compiler
configure:2732: clang -c   conftest.c >&5
configure:2732: $? = 0
configure:2741: result: yes
configure:2750: checking whether clang accepts -g
configure:2770: clang -c -g  conftest.c >&5
configure:2770: $? = 0
configure:2811: result: yes
configure:2828: checking for clang option to accept ISO C89
configure:2892: clang  -c -g -O2  conftest.c >&5
configure:2892: $? = 0
configure:2905: result: none needed
configure:2941: checking for a BSD-compatible install
configure:3009: result: /usr/bin/install -c
configure:3020: checking whether build environment is sane
configure:3057: result: yes
configure:3082: checking for a thread-safe mkdir -p
configure:3121: result: ../build/install-sh -c -d
configure:3134: checking for gawk
configure:3164: result: no
configure:3134: checking for mawk
configure:3164: result: no
configure:3134: checking for nawk
configure:3164: result: no
configure:3134: checking for awk
configure:3150: found /usr/bin/awk
configure:3161: result: awk
configure:3172: checking whether make sets $(MAKE)
configure:3194: result: yes
configure:3224: checking for style of include used by make
configure:3252: result: GNU
configure:3439: checking dependency style of clang
configure:3530: result: none
configure:3634: checking how to run the C preprocessor
configure:3665: clang -E  conftest.c
configure:3665: $? = 0
configure:3679: clang -E  conftest.c
conftest.c:12:10: fatal error: 'ac_nonexistent.h' file not found
#include <ac_nonexistent.h>
         ^
1 error generated.
configure:3679: $? = 1
configure: failed program was:
| /* confdefs.h */
| #define PACKAGE_NAME "backend"
| #define PACKAGE_TARNAME "backend"
| #define PACKAGE_VERSION "0.2-139-g582a493"
| #define PACKAGE_STRING "backend 0.2-139-g582a493"
| #define PACKAGE_BUGREPORT "bugs@laugga.com"
| #define PACKAGE_URL ""
| #define PACKAGE "backend"
| #define VERSION "0.2-139-g582a493"
| #define DARWIN 1
| /* end confdefs.h.  */
| #include <ac_nonexistent.h>
configure:3704: result: clang -E
configure:3724: clang -E  conftest.c
configure:3724: $? = 0
configure:3738: clang -E  conftest.c
conftest.c:12:10: fatal error: 'ac_nonexistent.h' file not found
#include <ac_nonexistent.h>
         ^
1 error generated.
configure:3738: $? = 1
configure: failed program was:
| /* confdefs.h */
| #define PACKAGE_NAME "backend"
| #define PACKAGE_TARNAME "backend"
| #define PACKAGE_VERSION "0.2-139-g582a493"
| #define PACKAGE_STRING "backend 0.2-139-g582a493"
| #define PACKAGE_BUGREPORT "bugs@laugga.com"
| #define PACKAGE_URL ""
| #define PACKAGE "backend"
| #define VERSION "0.2-139-g582a493"
| #define DARWIN 1
| /* end confdefs.h.  */
| #include <ac_nonexistent.h>
configure:3767: checking for grep that handles long lines and -e
configure:3825: result: /usr/bin/grep
configure:3830: checking for egrep
configure:3892: result: /usr/bin/grep -E
configure:3897: checking for ANSI C header files
configure:3917: clang -c -g -O2  conftest.c >&5
configure:3917: $? = 0
configure:3990: clang -o conftest -g -O2   conftest.c  >&5
configure:3990: $? = 0
configure:3990: ./conftest
configure:3990: $? = 0
configure:4001: result: yes
configure:4014: checking for sys/types.h
configure:4014: clang -c -g -O2  conftest.c >&5
configure:4014: $? = 0
configure:4014: result: yes
configure:4014: checking for sys/stat.h
configure:4014: clang -c -g -O2  conftest.c >&5
configure:4014: $? = 0
configure:4014: result: yes
configure:4014: checking for stdlib.h
configure:4014: clang -c -g -O2  conftest.c >&5
configure:4014: $? = 0
configure:4014: result: yes
configure:4014: checking for string.h
configure:4014: clang -c -g -O2  conftest.c >&5
configure:4014: $? = 0
configure:4014: result: yes
configure:4014: checking for memory.h
configure:4014: clang -c -g -O2  conftest.c >&5
configure:4014: $? = 0
configure:4014: result: yes
configure:4014: checking for strings.h
configure:4014: clang -c -g -O2  conftest.c >&5
configure:4014: $? = 0
configure:4014: result: yes
configure:4014: checking for inttypes.h
configure:4014: clang -c -g -O2  conftest.c >&5
configure:4014: $? = 0
configure:4014: result: yes
configure:4014: checking for stdint.h
configure:4014: clang -c -g -O2  conftest.c >&5
configure:4014: $? = 0
configure:4014: result: yes
configure:4014: checking for unistd.h
configure:4014: clang -c -g -O2  conftest.c >&5
configure:4014: $? = 0
configure:4014: result: yes
configure:4029: checking arpa/inet.h usability
configure:4029: clang -c -g -O2  conftest.c >&5
configure:4029: $? = 0
configure:4029: result: yes
configure:4029: checking arpa/inet.h presence
configure:4029: clang -E  conftest.c
configure:4029: $? = 0
configure:4029: result: yes
configure:4029: checking for arpa/inet.h
configure:4029: result: yes
configure:4029: checking fcntl.h usability
configure:4029: clang -c -g -O2  conftest.c >&5
configure:4029: $? = 0
configure:4029: result: yes
configure:4029: checking fcntl.h presence
configure:4029: clang -E  conftest.c
configure:4029: $? = 0
configure:4029: result: yes
configure:4029: checking for fcntl.h
configure:4029: result: yes
configure:4029: checking for stdlib.h
configure:4029: result: yes
configure:4029: checking sys/socket.h usability
configure:4029: clang -c -g -O2  conftest.c >&5
configure:4029: $? = 0
configure:4029: result: yes
configure:4029: checking sys/socket.h presence
configure:4029: clang -E  conftest.c
configure:4029: $? = 0
configure:4029: result: yes
configure:4029: checking for sys/socket.h
configure:4029: result: yes
configure:4041: checking for stdbool.h that conforms to C99
configure:4108: clang -c -g -O2  conftest.c >&5
configure:4108: $? = 0
configure:4115: result: yes
configure:4117: checking for _Bool
configure:4117: clang -c -g -O2  conftest.c >&5
configure:4117: $? = 0
configure:4117: clang -c -g -O2  conftest.c >&5
conftest.c:62:20: error: expected expression
if (sizeof ((_Bool)))
                   ^
1 error generated.
configure:4117: $? = 1
configure: failed program was:
| /* confdefs.h */
| #define PACKAGE_NAME "backend"
| #define PACKAGE_TARNAME "backend"
| #define PACKAGE_VERSION "0.2-139-g582a493"
| #define PACKAGE_STRING "backend 0.2-139-g582a493"
| #define PACKAGE_BUGREPORT "bugs@laugga.com"
| #define PACKAGE_URL ""
| #define PACKAGE "backend"
| #define VERSION "0.2-139-g582a493"
| #define DARWIN 1
| #define STDC_HEADERS 1
| #define HAVE_SYS_TYPES_H 1
| #define HAVE_SYS_STAT_H 1
| #define HAVE_STDLIB_H 1
| #define HAVE_STRING_H 1
| #define HAVE_MEMORY_H 1
| #define HAVE_STRINGS_H 1
| #define HAVE_INTTYPES_H 1
| #define HAVE_STDINT_H 1
| #define HAVE_UNISTD_H 1
| #define HAVE_ARPA_INET_H 1
| #define HAVE_FCNTL_H 1
| #define HAVE_STDLIB_H 1
| #define HAVE_SYS_SOCKET_H 1
| /* end confdefs.h.  */
| #include <stdio.h>
| #ifdef HAVE_SYS_TYPES_H
| # include <sys/types.h>
| #endif
| #ifdef HAVE_SYS_STAT_H
| # include <sys/stat.h>
| #endif
| #ifdef STDC_HEADERS
| # include <stdlib.h>
| # include <stddef.h>
| #else
| # ifdef HAVE_STDLIB_H
| #  include <stdlib.h>
| # endif
| #endif
| #ifdef HAVE_STRING_H
| # if !defined STDC_HEADERS && defined HAVE_MEMORY_H
| #  include <memory.h>
| # endif
| # include <string.h>
| #endif
| #ifdef HAVE_STRINGS_H
| # include <strings.h>
| #endif
| #ifdef HAVE_INTTYPES_H
| # include <inttypes.h>
| #endif
| #ifdef HAVE_STDINT_H
| # include <stdint.h>
| #endif
| #ifdef HAVE_UNISTD_H
| # include <unistd.h>
| #endif
| int
| main ()
| {
| if (sizeof ((_Bool)))
| 	    return 0;
|   ;
|   return 0;
| }
configure:4117: result: yes
configure:4137: checking for stdlib.h
configure:4137: result: yes
configure:4147: checking for GNU libc compatible malloc
configure:4171: clang -o conftest -g -O2   conftest.c  >&5
configure:4171: $? = 0
configure:4171: ./conftest
configure:4171: $? = 0
configure:4181: result: yes
configure:4205: checking for memset
configure:4205: clang -o conftest -g -O2   conftest.c  >&5
conftest.c:53:6: warning: incompatible redeclaration of library function 'memset'
char memset ();
     ^
conftest.c:53:6: note: 'memset' is a builtin with type 'void *(void *, int, unsigned long)'
1 warning generated.
configure:4205: $? = 0
configure:4205: result: yes
configure:4205: checking for socket
configure:4205: clang -o conftest -g -O2   conftest.c  >&5
configure:4205: $? = 0
configure:4205: result: yes
configure:4205: checking for strerror
configure:4205: clang -o conftest -g -O2   conftest.c  >&5
conftest.c:55:6: warning: incompatible redeclaration of library function 'strerror'
char strerror ();
     ^
conftest.c:55:6: note: 'strerror' is a builtin with type 'char *(int)'
1 warning generated.
configure:4205: $? = 0
configure:4205: result: yes
configure:4339: creating ./config.status

## ---------------------- ##
## Running config.status. ##
## ---------------------- ##

This file was extended by backend config.status 0.2-139-g582a493, which was
generated by GNU Autoconf 2.68.  Invocation command line was

  CONFIG_FILES    = 
  CONFIG_HEADERS  = 
  CONFIG_LINKS    = 
  CONFIG_COMMANDS = 
  $ ./config.status 

on mbp.lan

config.status:868: error: cannot find input file: `Makefile.in'

## ---------------- ##
## Cache variables. ##
## ---------------- ##

ac_cv_build=x86_64-apple-darwin11.4.2
ac_cv_c_compiler_gnu=yes
ac_cv_env_CC_set=
ac_cv_env_CC_value=
ac_cv_env_CFLAGS_set=
ac_cv_env_CFLAGS_value=
ac_cv_env_CPPFLAGS_set=
ac_cv_env_CPPFLAGS_value=
ac_cv_env_CPP_set=
ac_cv_env_CPP_value=
ac_cv_env_LDFLAGS_set=
ac_cv_env_LDFLAGS_value=
ac_cv_env_LIBS_set=
ac_cv_env_LIBS_value=
ac_cv_env_build_alias_set=
ac_cv_env_build_alias_value=
ac_cv_env_host_alias_set=
ac_cv_env_host_alias_value=
ac_cv_env_target_alias_set=
ac_cv_env_target_alias_value=
ac_cv_func_malloc_0_nonnull=yes
ac_cv_func_memset=yes
ac_cv_func_socket=yes
ac_cv_func_strerror=yes
ac_cv_header_arpa_inet_h=yes
ac_cv_header_fcntl_h=yes
ac_cv_header_inttypes_h=yes
ac_cv_header_memory_h=yes
ac_cv_header_stdbool_h=yes
ac_cv_header_stdc=yes
ac_cv_header_stdint_h=yes
ac_cv_header_stdlib_h=yes
ac_cv_header_string_h=yes
ac_cv_header_strings_h=yes
ac_cv_header_sys_socket_h=yes
ac_cv_header_sys_stat_h=yes
ac_cv_header_sys_types_h=yes
ac_cv_header_unistd_h=yes
ac_cv_host=x86_64-apple-darwin11.4.2
ac_cv_objext=o
ac_cv_path_EGREP='/usr/bin/grep -E'
ac_cv_path_GREP=/usr/bin/grep
ac_cv_path_install='/usr/bin/install -c'
ac_cv_prog_AWK=awk
ac_cv_prog_CPP='clang -E'
ac_cv_prog_ac_ct_CC=clang
ac_cv_prog_cc_c89=
ac_cv_prog_cc_g=yes
ac_cv_prog_make_make_set=yes
ac_cv_target=x86_64-apple-darwin11.4.2
ac_cv_type__Bool=yes
am_cv_CC_dependencies_compiler_type=none

## ----------------- ##
## Output variables. ##
## ----------------- ##

ACLOCAL='${SHELL} /Users/luis/Build/universal-network-c/build/missing --run aclocal-1.10'
AMDEPBACKSLASH='\'
AMDEP_FALSE='#'
AMDEP_TRUE=''
AMTAR='${SHELL} /Users/luis/Build/universal-network-c/build/missing --run tar'
AUTOCONF='${SHELL} /Users/luis/Build/universal-network-c/build/missing --run autoconf'
AUTOHEADER='${SHELL} /Users/luis/Build/universal-network-c/build/missing --run autoheader'
AUTOMAKE='${SHELL} /Users/luis/Build/universal-network-c/build/missing --run automake-1.10'
AWK='awk'
CC='clang'
CCDEPMODE='depmode=none'
CFLAGS='-g -O2'
CPP='clang -E'
CPPFLAGS=''
CYGPATH_W='echo'
DEFS='-DHAVE_CONFIG_H'
DEPDIR='.deps'
ECHO_C='\c'
ECHO_N=''
ECHO_T=''
EGREP='/usr/bin/grep -E'
EXEEXT=''
GREP='/usr/bin/grep'
INSTALL_DATA='${INSTALL} -m 644'
INSTALL_PROGRAM='${INSTALL}'
INSTALL_SCRIPT='${INSTALL}'
INSTALL_STRIP_PROGRAM='$(install_sh) -c -s'
LDFLAGS=''
LIBOBJS=''
LIBS=''
LTLIBOBJS=''
MAKEINFO='${SHELL} /Users/luis/Build/universal-network-c/build/missing --run makeinfo'
MKDIR_P='../build/install-sh -c -d'
OBJEXT='o'
PACKAGE='backend'
PACKAGE_BUGREPORT='bugs@laugga.com'
PACKAGE_NAME='backend'
PACKAGE_STRING='backend 0.2-139-g582a493'
PACKAGE_TARNAME='backend'
PACKAGE_URL=''
PACKAGE_VERSION='0.2-139-g582a493'
PATH_SEPARATOR=':'
SET_MAKE=''
SHELL='/bin/sh'
STRIP=''
VERSION='0.2-139-g582a493'
ac_ct_CC='clang'
am__fastdepCC_FALSE=''
am__fastdepCC_TRUE='#'
am__include='include'
am__isrc=' -I$(srcdir)'
am__leading_dot='.'
am__quote=''
am__tar='${AMTAR} chof - "$$tardir"'
am__untar='${AMTAR} xf -'
bindir='${exec_prefix}/bin'
build='x86_64-apple-darwin11.4.2'
build_alias=''
build_cpu='x86_64'
build_os='darwin11.4.2'
build_vendor='apple'
datadir='${datarootdir}'
datarootdir='${prefix}/share'
docdir='${datarootdir}/doc/${PACKAGE_TARNAME}'
dvidir='${docdir}'
exec_prefix='${prefix}'
host='x86_64-apple-darwin11.4.2'
host_alias=''
host_cpu='x86_64'
host_os='darwin11.4.2'
host_vendor='apple'
htmldir='${docdir}'
includedir='${prefix}/include'
infodir='${datarootdir}/info'
install_sh='$(SHELL) /Users/luis/Build/universal-network-c/build/install-sh'
libdir='${exec_prefix}/lib'
libexecdir='${exec_prefix}/libexec'
localedir='${datarootdir}/locale'
localstatedir='${prefix}/var'
mandir='${datarootdir}/man'
mkdir_p='$(top_builddir)/../build/install-sh -c -d'
oldincludedir='/usr/include'
pdfdir='${docdir}'
prefix='/usr/local'
program_transform_name='s,x,x,'
psdir='${docdir}'
sbindir='${exec_prefix}/sbin'
sharedstatedir='${prefix}/com'
sysconfdir='${prefix}/etc'
target='x86_64-apple-darwin11.4.2'
target_alias=''
target_cpu='x86_64'
target_os='darwin11.4.2'
target_vendor='apple'

## ----------- ##
## confdefs.h. ##
## ----------- ##

/* confdefs.h */
#define PACKAGE_NAME "backend"
#define PACKAGE_TARNAME "backend"
#define PACKAGE_VERSION "0.2-139-g582a493"
#define PACKAGE_STRING "backend 0.2-139-g582a493"
#define PACKAGE_BUGREPORT "bugs@laugga.com"
#define PACKAGE_URL ""
#define PACKAGE "backend"
#define VERSION "0.2-139-g582a493"
#define DARWIN 1
#define STDC_HEADERS 1
#define HAVE_SYS_TYPES_H 1
#define HAVE_SYS_STAT_H 1
#define HAVE_STDLIB_H 1
#define HAVE_STRING_H 1
#define HAVE_MEMORY_H 1
#define HAVE_STRINGS_H 1
#define HAVE_INTTYPES_H 1
#define HAVE_STDINT_H 1
#define HAVE_UNISTD_H 1
#define HAVE_ARPA_INET_H 1
#define HAVE_FCNTL_H 1
#define HAVE_STDLIB_H 1
#define HAVE_SYS_SOCKET_H 1
#define HAVE__BOOL 1
#define HAVE_STDBOOL_H 1
#define HAVE_STDLIB_H 1
#define HAVE_MALLOC 1
#define HAVE_MEMSET 1
#define HAVE_SOCKET 1
#define HAVE_STRERROR 1

configure: exit 1
